#
# A fatal error has been detected by the Java Runtime Environment:
#
#  Internal Error (javaClasses.cpp:126), pid=104, tid=7120
#  fatal error: Invalid layout of preloaded class
#
# JRE version:  (8.0_20-b26) (build )
# Java VM: Java HotSpot(TM) 64-Bit Server VM (25.20-b23 mixed mode windows-amd64 compressed oops)
# Failed to write core dump. Minidumps are not enabled by default on client versions of Windows
#
# If you would like to submit a bug report, please visit:
#   http://bugreport.sun.com/bugreport/crash.jsp
#

---------------  T H R E A D  ---------------

Current thread (0x0000000002ea0800):  JavaThread "Unknown thread" [_thread_in_vm, id=7120, stack(0x00000000029c0000,0x0000000002ac0000)]

Stack: [0x00000000029c0000,0x0000000002ac0000]
Native frames: (J=compiled Java code, j=interpreted, Vv=VM code, C=native code)
V  [jvm.dll+0x3152fa]
V  [jvm.dll+0x265d03]
V  [jvm.dll+0x266943]
V  [jvm.dll+0x25e1e6]
V  [jvm.dll+0x5e64c]
V  [jvm.dll+0x5e743]
V  [jvm.dll+0x7316a]
V  [jvm.dll+0x734c8]
V  [jvm.dll+0xe3937]
V  [jvm.dll+0xe3cc6]
V  [jvm.dll+0x1f89d7]
V  [jvm.dll+0x229fc4]
V  [jvm.dll+0x14c6f1]
C  [javaw.exe+0x20c6]
C  [javaw.exe+0xc9eb]
C  [javaw.exe+0xca7f]
C  [KERNEL32.DLL+0x16ad]
C  [ntdll.dll+0x54409]


---------------  P R O C E S S  ---------------

Java Threads: ( => current thread )

Other Threads:

=>0x0000000002ea0800 (exited) JavaThread "Unknown thread" [_thread_in_vm, id=7120, stack(0x00000000029c0000,0x0000000002ac0000)]

VM state:not at safepoint (not fully initialized)

VM Mutex/Monitor currently owned by a thread: None

GC Heap History (0 events):
No events

Deoptimization events (0 events):
No events

Internal exceptions (0 events):
No events

Events (10 events):
Event: 0.010 loading class java/lang/CharSequence done
Event: 0.010 loading class java/lang/String done
Event: 0.010 loading class java/lang/Class
Event: 0.010 loading class java/lang/reflect/AnnotatedElement
Event: 0.010 loading class java/lang/reflect/AnnotatedElement done
Event: 0.010 loading class java/lang/reflect/GenericDeclaration
Event: 0.010 loading class java/lang/reflect/GenericDeclaration done
Event: 0.010 loading class java/lang/reflect/Type
Event: 0.010 loading class java/lang/reflect/Type done
Event: 0.011 loading class java/lang/Class done


Dynamic libraries:
0x00007ff639330000 - 0x00007ff639364000 	C:\Program Files\Java\jre1.8.0_20\bin\javaw.exe
0x00007ff8583c0000 - 0x00007ff858566000 	C:\Windows\SYSTEM32\ntdll.dll
0x00007ff856bb0000 - 0x00007ff856cea000 	C:\Windows\system32\KERNEL32.DLL
0x00007ff8558a0000 - 0x00007ff8559af000 	C:\Windows\system32\KERNELBASE.dll
0x00007ff854270000 - 0x00007ff8542f8000 	C:\Windows\system32\apphelp.dll
0x00007ff83c250000 - 0x00007ff83c29f000 	C:\Windows\AppPatch\AppPatch64\AcGenral.DLL
0x00007ff856a50000 - 0x00007ff856af7000 	C:\Windows\system32\msvcrt.dll
0x00007ff855510000 - 0x00007ff85553b000 	C:\Windows\SYSTEM32\SspiCli.dll
0x00007ff8581b0000 - 0x00007ff858201000 	C:\Windows\system32\SHLWAPI.dll
0x00007ff8568d0000 - 0x00007ff856a41000 	C:\Windows\system32\USER32.dll
0x00007ff856280000 - 0x00007ff8563f8000 	C:\Windows\system32\ole32.dll
0x00007ff856da0000 - 0x00007ff8581af000 	C:\Windows\system32\SHELL32.dll
0x00007ff854d20000 - 0x00007ff854d3e000 	C:\Windows\SYSTEM32\USERENV.dll
0x00007ff856b00000 - 0x00007ff856ba5000 	C:\Windows\system32\ADVAPI32.dll
0x00007ff84f810000 - 0x00007ff84f82b000 	C:\Windows\SYSTEM32\MPR.dll
0x00007ff856140000 - 0x00007ff856277000 	C:\Windows\system32\RPCRT4.dll
0x00007ff8567f0000 - 0x00007ff856847000 	C:\Windows\SYSTEM32\sechost.dll
0x00007ff856610000 - 0x00007ff8567e6000 	C:\Windows\SYSTEM32\combase.dll
0x00007ff856460000 - 0x00007ff8565a4000 	C:\Windows\system32\GDI32.dll
0x00007ff855730000 - 0x00007ff855744000 	C:\Windows\SYSTEM32\profapi.dll
0x00007ff854320000 - 0x00007ff8543bf000 	C:\Windows\SYSTEM32\SHCORE.dll
0x00007ff856010000 - 0x00007ff856044000 	C:\Windows\system32\IMM32.DLL
0x00007ff855e20000 - 0x00007ff855f59000 	C:\Windows\system32\MSCTF.dll
0x00007ff8538f0000 - 0x00007ff853b4a000 	C:\Windows\WinSxS\amd64_microsoft.windows.common-controls_6595b64144ccf1df_6.0.9600.17031_none_6242a4b3ecbb55a1\COMCTL32.dll
0x0000000059020000 - 0x00000000590f2000 	C:\Program Files\Java\jre1.8.0_20\bin\msvcr100.dll
0x0000000057d10000 - 0x0000000058568000 	C:\Program Files\Java\jre1.8.0_20\bin\server\jvm.dll
0x00007ff84f840000 - 0x00007ff84f849000 	C:\Windows\SYSTEM32\WSOCK32.dll
0x00007ff852fb0000 - 0x00007ff852fcf000 	C:\Windows\SYSTEM32\WINMM.dll
0x00007ff8568c0000 - 0x00007ff8568c7000 	C:\Windows\system32\PSAPI.DLL
0x00007ff8565b0000 - 0x00007ff856608000 	C:\Windows\system32\WS2_32.dll
0x00007ff852d90000 - 0x00007ff852dba000 	C:\Windows\SYSTEM32\WINMMBASE.dll
0x00007ff856cf0000 - 0x00007ff856cf9000 	C:\Windows\system32\NSI.dll
0x00007ff855800000 - 0x00007ff85584a000 	C:\Windows\SYSTEM32\cfgmgr32.dll
0x00007ff854590000 - 0x00007ff8545b6000 	C:\Windows\SYSTEM32\DEVOBJ.dll
0x00000000591c0000 - 0x00000000591cf000 	C:\Program Files\Java\jre1.8.0_20\bin\verify.dll
0x0000000059190000 - 0x00000000591b8000 	C:\Program Files\Java\jre1.8.0_20\bin\java.dll
0x0000000059170000 - 0x0000000059186000 	C:\Program Files\Java\jre1.8.0_20\bin\zip.dll
0x00007ff84fcd0000 - 0x00007ff84fe58000 	C:\Windows\SYSTEM32\dbghelp.dll

VM Arguments:
jvm_args: -Dfile.encoding=MS950 -Xbootclasspath:C:\Users\user\AppData\Local\Android\android-studio\sdk\platforms\android-21\android.jar 
java_command: com.example.emailextract.OAuth2Authenticator
java_class_path (initial): C:\Users\user\Desktop\eclipse\appcompat_v7\libs\android-support-v4.jar;C:\Users\user\Desktop\eclipse\appcompat_v7\libs\android-support-v7-appcompat.jar;C:\Users\user\Desktop\eclipse\appcompat_v7\bin\appcompat_v7.jar;C:\Users\user\Desktop\EEE\email_test\lib\activation.jar;C:\Users\user\Desktop\EEE\email_test\lib\additionnal.jar;C:\Users\user\Desktop\eclipse\EmailExtract\bin\classes;C:\Users\user\Downloads\javamail\mail.jar
Launcher Type: SUN_STANDARD

Environment Variables:
JAVA_HOME=C:\Program Files\Java\jdk1.8.0_20\
PATH=C:/Program Files/Java/jre1.8.0_20/bin/server;C:/Program Files/Java/jre1.8.0_20/bin;C:/Program Files/Java/jre1.8.0_20/lib/amd64;C:\ProgramData\Oracle\Java\javapath;C:\Program Files (x86)\Intel\iCLS Client\;C:\Program Files\Intel\iCLS Client\;C:\Program Files (x86)\NVIDIA Corporation\PhysX\Common;C:\Windows\system32;C:\Windows;C:\Windows\System32\Wbem;C:\Windows\System32\WindowsPowerShell\v1.0\;C:\Program Files\Intel\Intel(R) Management Engine Components\DAL;C:\Program Files\Intel\Intel(R) Management Engine Components\IPT;C:\Program Files (x86)\Intel\Intel(R) Management Engine Components\DAL;C:\Program Files (x86)\Intel\Intel(R) Management Engine Components\IPT;C:\Program Files\Java\jdk1.8.0_20\bin\;C:\Program Files (x86)\Windows Kits\8.1\Windows Performance Toolkit\;C:\Program Files\Microsoft SQL Server\110\Tools\Binn\;C:\Program Files (x86)\Microsoft SDKs\TypeScript\1.0\;C:\Users\user\Desktop\opencv\build\x64\vc10\bin;C:\Users\user\Downloads\eclipse-java-luna-R-win32-x86_64\eclipse;
USERNAME=user
OS=Windows_NT
PROCESSOR_IDENTIFIER=Intel64 Family 6 Model 60 Stepping 3, GenuineIntel



---------------  S Y S T E M  ---------------

OS: Windows 8.1 , 64 bit Build 9600 

CPU:total 8 (4 cores per cpu, 2 threads per core) family 6 model 60 stepping 3, cmov, cx8, fxsr, mmx, sse, sse2, sse3, ssse3, sse4.1, sse4.2, popcnt, avx, avx2, aes, clmul, erms, lzcnt, ht, tsc, tscinvbit, bmi1, bmi2

Memory: 4k page, physical 8269140k(4551876k free), swap 9579860k(5101544k free)

vm_info: Java HotSpot(TM) 64-Bit Server VM (25.20-b23) for windows-amd64 JRE (1.8.0_20-b26), built on Jul 30 2014 13:51:23 by "java_re" with MS VC++ 10.0 (VS2010)

time: Fri Dec 26 13:04:16 2014
elapsed time: 0 seconds (0d 0h 0m 0s)

